<?xml version="1.0" encoding="UTF-8" standalone="no"?><testsuite errors="0" failures="1" name="Invalid Credentials" skipped="0" tests="1" time="34.19" timestamp="2024-10-15 07:24:10"><testcase name="Submit login form with invalid credentials"><failure message="&#13;&#10;Expected: an element that is visible&#13;&#10;     but: no matching element found by [message-error located with: //div[contains(text(), 'The account sign-in was incorrect or your account is disabled temporarily. Please wait and try again later.')]&#10;]" type="java.lang.AssertionError">&#13;
Expected: an element that is visible&#13;
     but: no matching element found by [message-error located with: //div[contains(text(), 'The account sign-in was incorrect or your account is disabled temporarily. Please wait and try again later.')]
]</failure><system-err>&#13;
Expected: an element that is visible&#13;
     but: no matching element found by [message-error located with: //div[contains(text(), 'The account sign-in was incorrect or your account is disabled temporarily. Please wait and try again later.')]
]&#13;
com.uam.automation.ui.questions.GetText.answeredBy(GetText.java:23)&#13;
com.uam.automation.ui.stepdefinitions.InvalidStepDefinitions.shouldSeeFormSubmitted(InvalidStepDefinitions.java:41)&#13;
worker.org.gradle.process.internal.worker.GradleWorkerMain.run(GradleWorkerMain.java:69)&#13;
worker.org.gradle.process.internal.worker.GradleWorkerMain.main(GradleWorkerMain.java:74)&#13;
</system-err></testcase></testsuite>