<?xml version="1.0" encoding="UTF-8" standalone="no"?><testsuite errors="1" failures="0" name="Submit a form" skipped="0" tests="1" time="55.43" timestamp="2024-10-17 06:34:23"><testcase name="Submit a test form on Luma page"><error message="element not interactable&#10;  (Session info: chrome=129.0.6668.101)&#10;Build info: version: '4.21.0', revision: '79ed462ef4'&#10;System info: os.name: 'Windows 11', os.arch: 'amd64', os.version: '10.0', java.version: '17.0.10'&#10;Driver info: org.openqa.selenium.chrome.ChromeDriver&#10;Command: [bad2415c7c538fa5d1f88d82dca729c7, clearElement {id=f.42E09BC70860F1F445FBB24ACCF80FA9.d.B44581CFBF779F53B5FBA09CDBD1540C.e.327}]&#10;Capabilities {acceptInsecureCerts: true, browserName: chrome, browserVersion: 129.0.6668.101, chrome: {chromedriverVersion: 129.0.6668.100 (cf58cba358d..., userDataDir: C:\Users\57314\AppData\Loca...}, fedcm:accounts: true, goog:chromeOptions: {debuggerAddress: localhost:50992}, networkConnectionEnabled: false, pageLoadStrategy: normal, platformName: windows, proxy: Proxy(), se:cdp: ws://localhost:50992/devtoo..., se:cdpVersion: 129.0.6668.101, setWindowRect: true, strictFileInteractability: false, timeouts: {implicit: 0, pageLoad: 300000, script: 30000}, unhandledPromptBehavior: dismiss and notify, webauthn:extension:credBlob: true, webauthn:extension:largeBlob: true, webauthn:extension:minPinLength: true, webauthn:extension:prf: true, webauthn:virtualAuthenticators: true}&#10;Element: [[ChromeDriver: chrome on windows (bad2415c7c538fa5d1f88d82dca729c7)] -&gt; xpath: //input[@name='firstname']]&#10;Session ID: bad2415c7c538fa5d1f88d82dca729c7" type="org.openqa.selenium.ElementNotInteractableException">element not interactable
  (Session info: chrome=129.0.6668.101)
Build info: version: '4.21.0', revision: '79ed462ef4'
System info: os.name: 'Windows 11', os.arch: 'amd64', os.version: '10.0', java.version: '17.0.10'
Driver info: org.openqa.selenium.chrome.ChromeDriver
Command: [bad2415c7c538fa5d1f88d82dca729c7, clearElement {id=f.42E09BC70860F1F445FBB24ACCF80FA9.d.B44581CFBF779F53B5FBA09CDBD1540C.e.327}]
Capabilities {acceptInsecureCerts: true, browserName: chrome, browserVersion: 129.0.6668.101, chrome: {chromedriverVersion: 129.0.6668.100 (cf58cba358d..., userDataDir: C:\Users\57314\AppData\Loca...}, fedcm:accounts: true, goog:chromeOptions: {debuggerAddress: localhost:50992}, networkConnectionEnabled: false, pageLoadStrategy: normal, platformName: windows, proxy: Proxy(), se:cdp: ws://localhost:50992/devtoo..., se:cdpVersion: 129.0.6668.101, setWindowRect: true, strictFileInteractability: false, timeouts: {implicit: 0, pageLoad: 300000, script: 30000}, unhandledPromptBehavior: dismiss and notify, webauthn:extension:credBlob: true, webauthn:extension:largeBlob: true, webauthn:extension:minPinLength: true, webauthn:extension:prf: true, webauthn:virtualAuthenticators: true}
Element: [[ChromeDriver: chrome on windows (bad2415c7c538fa5d1f88d82dca729c7)] -&gt; xpath: //input[@name='firstname']]
Session ID: bad2415c7c538fa5d1f88d82dca729c7</error><system-err>element not interactable
  (Session info: chrome=129.0.6668.101)
Build info: version: '4.21.0', revision: '79ed462ef4'
System info: os.name: 'Windows 11', os.arch: 'amd64', os.version: '10.0', java.version: '17.0.10'
Driver info: org.openqa.selenium.chrome.ChromeDriver
Command: [bad2415c7c538fa5d1f88d82dca729c7, clearElement {id=f.42E09BC70860F1F445FBB24ACCF80FA9.d.B44581CFBF779F53B5FBA09CDBD1540C.e.327}]
Capabilities {acceptInsecureCerts: true, browserName: chrome, browserVersion: 129.0.6668.101, chrome: {chromedriverVersion: 129.0.6668.100 (cf58cba358d..., userDataDir: C:\Users\57314\AppData\Loca...}, fedcm:accounts: true, goog:chromeOptions: {debuggerAddress: localhost:50992}, networkConnectionEnabled: false, pageLoadStrategy: normal, platformName: windows, proxy: Proxy(), se:cdp: ws://localhost:50992/devtoo..., se:cdpVersion: 129.0.6668.101, setWindowRect: true, strictFileInteractability: false, timeouts: {implicit: 0, pageLoad: 300000, script: 30000}, unhandledPromptBehavior: dismiss and notify, webauthn:extension:credBlob: true, webauthn:extension:largeBlob: true, webauthn:extension:minPinLength: true, webauthn:extension:prf: true, webauthn:virtualAuthenticators: true}
Element: [[ChromeDriver: chrome on windows (bad2415c7c538fa5d1f88d82dca729c7)] -&gt; xpath: //input[@name='firstname']]
Session ID: bad2415c7c538fa5d1f88d82dca729c7&#13;
com.uam.automation.ui.tasks.ShippingFormAddress.performAs(ShippingFormAddress.java:51)&#13;
com.uam.automation.ui.stepdefinitions.PurchaseStepDefinitions.submitsForm(PurchaseStepDefinitions.java:31)&#13;
✽.she completes the process of purchasing items(classpath:features/successful_purchase.feature:4)&#13;
</system-err></testcase></testsuite>